app/build/outputs/logs/manifest-merger-debug-report.txt
-- Merging decision tree log ---
manifest
ADDED from src\main\AndroidManifest.xml:2:1-36:12
	package
		ADDED from src\main\AndroidManifest.xml:3:11-36
		INJECTED from src\main\AndroidManifest.xml
		INJECTED from src\main\AndroidManifest.xml
	android:versionName
		INJECTED from src\main\AndroidManifest.xml
		INJECTED from src\main\AndroidManifest.xml
	xmlns:android
		ADDED from src\main\AndroidManifest.xml:2:11-69
	android:versionCode
		INJECTED from src\main\AndroidManifest.xml
		INJECTED from src\main\AndroidManifest.xml
application
ADDED from src\main\AndroidManifest.xml:5:5-34:19
MERGED from [com.android.support:design:23.0.1] AndroidManifest.xml:22:5-20
MERGED from [com.android.support:appcompat-v7:23.0.1] AndroidManifest.xml:22:5-20
MERGED from [com.android.support:support-v4:23.0.1] AndroidManifest.xml:22:5-20
MERGED from [com.android.support:cardview-v7:23.0.1] AndroidManifest.xml:22:5-20
	android:label
		ADDED from src\main\AndroidManifest.xml:8:9-41
	android:supportsRtl
		ADDED from src\main\AndroidManifest.xml:9:9-35
	android:allowBackup
		ADDED from src\main\AndroidManifest.xml:6:9-35
	android:icon
		ADDED from src\main\AndroidManifest.xml:7:9-43
	android:theme
		ADDED from src\main\AndroidManifest.xml:10:9-59
activity#com.kalia.Garry.Bholla.Home
ADDED from src\main\AndroidManifest.xml:11:9-17:20
	android:name
		ADDED from src\main\AndroidManifest.xml:11:19-61
intent-filter#android.intent.action.MAIN+android.intent.category.LAUNCHER
ADDED from src\main\AndroidManifest.xml:12:13-16:29
action#android.intent.action.MAIN
ADDED from src\main\AndroidManifest.xml:13:17-68
	android:name
		ADDED from src\main\AndroidManifest.xml:13:25-66
category#android.intent.category.LAUNCHER
ADDED from src\main\AndroidManifest.xml:15:17-76
	android:name
		ADDED from src\main\AndroidManifest.xml:15:27-74
activity#com.kalia.Garry.Bholla.Detail
ADDED from src\main\AndroidManifest.xml:18:9-19:20
	android:name
		ADDED from src\main\AndroidManifest.xml:18:19-63
activity#com.kalia.Garry.Bholla.BookMark
ADDED from src\main\AndroidManifest.xml:20:9-21:20
	android:name
		ADDED from src\main\AndroidManifest.xml:20:19-65
activity#com.kalia.Garry.Bholla.Register
ADDED from src\main\AndroidManifest.xml:22:9-23:20
	android:name
		ADDED from src\main\AndroidManifest.xml:22:19-65
activity#com.kalia.Garry.Bholla.DysonOutlet
ADDED from src\main\AndroidManifest.xml:24:9-25:20
	android:name
		ADDED from src\main\AndroidManifest.xml:24:19-68
activity#com.kalia.Garry.Bholla.DetailsS
ADDED from src\main\AndroidManifest.xml:26:9-27:20
	android:name
		ADDED from src\main\AndroidManifest.xml:26:19-65
activity#com.kalia.Garry.Bholla.FeatureDetail
ADDED from src\main\AndroidManifest.xml:28:9-29:20
	android:name
		ADDED from src\main\AndroidManifest.xml:28:19-70
activity#com.kalia.Garry.Bholla.Categories
ADDED from src\main\AndroidManifest.xml:30:9-31:20
	android:name
		ADDED from src\main\AndroidManifest.xml:30:19-67
activity#com.kalia.Garry.Bholla.Dysons
ADDED from src\main\AndroidManifest.xml:32:9-33:20
	android:name
		ADDED from src\main\AndroidManifest.xml:32:19-63
uses-sdk
INJECTED from src\main\AndroidManifest.xml reason: use-sdk injection requested
MERGED from [com.android.support:recyclerview-v7:23.0.1] AndroidManifest.xml:20:5-43
MERGED from [com.android.support:design:23.0.1] AndroidManifest.xml:20:5-43
MERGED from [com.android.support:appcompat-v7:23.0.1] AndroidManifest.xml:20:5-43
MERGED from [com.android.support:support-v4:23.0.1] AndroidManifest.xml:20:5-43
MERGED from [com.android.support:cardview-v7:23.0.1] AndroidManifest.xml:20:5-43
	android:targetSdkVersion
		INJECTED from src\main\AndroidManifest.xml
		INJECTED from src\main\AndroidManifest.xml
	android:minSdkVersion
		INJECTED from src\main\AndroidManifest.xml
		INJECTED from src\main\AndroidManifest.xml